<?xml version="1.0" encoding="UTF-8"?>
<testsuite xmlns:xsi="http://www.w3.org/2001/XMLSchema-instance" xsi:noNamespaceSchemaLocation="https://maven.apache.org/surefire/maven-surefire-plugin/xsd/surefire-test-report-3.0.xsd" version="3.0" name="core.basesyntax.RobotRouteTest" time="53.574" tests="13" errors="0" skipped="0" failures="0">
  <properties>
[...]
</properties>
  <testcase name="goFromThirdQuadrantToFirst" classname="core.basesyntax.RobotRouteTest" time="1.591"/>
  <testcase name="goFromSecondQuadrantToFourth" classname="core.basesyntax.RobotRouteTest" time="2.46"/>
  <testcase name="goFromThirdQuadrantToFourth" classname="core.basesyntax.RobotRouteTest" time="3.638"/>
  <testcase name="goFromFourthQuadrantToFirst" classname="core.basesyntax.RobotRouteTest" time="6.775"/>
  <testcase name="goFromFourthQuadrantToThird" classname="core.basesyntax.RobotRouteTest" time="6.335"/>
  <testcase name="goFromThirdQuadrantToSecond" classname="core.basesyntax.RobotRouteTest" time="3.285"/>
  <testcase name="goFromFirstQuadrantToThird" classname="core.basesyntax.RobotRouteTest" time="6.595"/>
  <testcase name="robotShouldStayAtTheSamePosition" classname="core.basesyntax.RobotRouteTest" time="0.0"/>
  <testcase name="goFromFirstQuadrantToFourth" classname="core.basesyntax.RobotRouteTest" time="3.346"/>
  <testcase name="goFromFourthQuadrantToSecond" classname="core.basesyntax.RobotRouteTest" time="6.425"/>
  <testcase name="goFromFirstQuadrantToSecond" classname="core.basesyntax.RobotRouteTest" time="6.376"/>
  <testcase name="goFromSecondQuadrantToFirst" classname="core.basesyntax.RobotRouteTest" time="3.468"/>
  <testcase name="goFromSecondQuadrantToThird" classname="core.basesyntax.RobotRouteTest" time="3.221"/>
</testsuite>